<?xml version="1.0" encoding="UTF-8" ?>
<testsuite tests="3" failures="3" name="conversorTest" time="0.072" errors="0" skipped="0">
  <properties>
[...]
</properties>
  <testcase classname="conversorTest" name="conversorTest.testCelsiusAFahrenheit" time="0.052">
    <failure message="The test case is a prototype." type="org.opentest4j.AssertionFailedError">org.opentest4j.AssertionFailedError: The test case is a prototype.
	at org.junit.jupiter.api.AssertionUtils.fail(AssertionUtils.java:39)
	at org.junit.jupiter.api.Assertions.fail(Assertions.java:109)
	at conversorTest.testCelsiusAFahrenheit(conversorTest.java:42)
</failure>
    <system-out>celsiusAFahrenheit
</system-out>
  </testcase>
  <testcase classname="conversorTest" name="conversorTest.testFahrenheitACelsius" time="0">
    <failure message="The test case is a prototype." type="org.opentest4j.AssertionFailedError">org.opentest4j.AssertionFailedError: The test case is a prototype.
	at org.junit.jupiter.api.AssertionUtils.fail(AssertionUtils.java:39)
	at org.junit.jupiter.api.Assertions.fail(Assertions.java:109)
	at conversorTest.testFahrenheitACelsius(conversorTest.java:56)
</failure>
    <system-out>fahrenheitACelsius
</system-out>
  </testcase>
  <testcase classname="conversorTest" name="conversorTest.testMain" time="0.02">
    <failure message="The test case is a prototype." type="org.opentest4j.AssertionFailedError">org.opentest4j.AssertionFailedError: The test case is a prototype.
	at org.junit.jupiter.api.AssertionUtils.fail(AssertionUtils.java:39)
	at org.junit.jupiter.api.Assertions.fail(Assertions.java:109)
	at conversorTest.testMain(conversorTest.java:28)
</failure>
    <system-out>main
0,000000 grados celsius son 32,000000 grados fahrenheit</system-out>
  </testcase>
</testsuite>